# JRE version: OpenJDK Runtime Environment Temurin-17.0.6+10 (17.0.6+10) (build 17.0.6+10)
# Java VM: OpenJDK 64-Bit Server VM Temurin-17.0.6+10 (17.0.6+10, mixed mode, tiered, compressed oops, compressed class ptrs, parallel gc, windows-amd64)
GC Precious Log:
 CPUs: 4 total, 4 available
 Memory: 8077M
 Large Page Support: Disabled
 NUMA Support: Disabled
 Compressed Oops: Enabled (32-bit)
 Alignments: Space 512K, Generation 512K, Heap 2M
 Heap Min Capacity: 100M
 Heap Initial Capacity: 100M
 Heap Max Capacity: 1G
 Pre-touch: Disabled
 Parallel Workers: 4
Heap:
 PSYoungGen      total 21504K, used 6386K [0x00000000eab00000, 0x00000000ec700000, 0x0000000100000000)
  eden space 20992K, 28% used [0x00000000eab00000,0x00000000eb0d4ae0,0x00000000ebf80000)
  from space 512K, 81% used [0x00000000ec680000,0x00000000ec6e8000,0x00000000ec700000)
  to   space 1024K, 0% used [0x00000000ec500000,0x00000000ec500000,0x00000000ec600000)
 ParOldGen       total 68608K, used 47128K [0x00000000c0000000, 0x00000000c4300000, 0x00000000eab00000)
  object space 68608K, 68% used [0x00000000c0000000,0x00000000c2e06060,0x00000000c4300000)
 Metaspace       used 61269K, committed 62144K, reserved 1105920K
  class space    used 7124K, committed 7488K, reserved 1048576K
GC Heap History (20 events):
Event: 35.223 GC heap before
{Heap before GC invocations=22 (full 2):
 PSYoungGen      total 23552K, used 23040K [0x00000000eab00000, 0x00000000ec480000, 0x0000000100000000)
  eden space 20992K, 100% used [0x00000000eab00000,0x00000000ebf80000,0x00000000ebf80000)
  from space 2560K, 80% used [0x00000000ebf80000,0x00000000ec180000,0x00000000ec200000)
  to   space 2560K, 0% used [0x00000000ec200000,0x00000000ec200000,0x00000000ec480000)
 ParOldGen       total 68608K, used 27365K [0x00000000c0000000, 0x00000000c4300000, 0x00000000eab00000)
  object space 68608K, 39% used [0x00000000c0000000,0x00000000c1ab9690,0x00000000c4300000)
 Metaspace       used 51494K, committed 52288K, reserved 1097728K
  class space    used 5589K, committed 5952K, reserved 1048576K
}
Event: 35.228 GC heap after
{Heap after GC invocations=22 (full 2):
 PSYoungGen      total 23552K, used 2432K [0x00000000eab00000, 0x00000000ec480000, 0x0000000100000000)
  eden space 20992K, 0% used [0x00000000eab00000,0x00000000eab00000,0x00000000ebf80000)
  from space 2560K, 95% used [0x00000000ec200000,0x00000000ec460010,0x00000000ec480000)
  to   space 2560K, 0% used [0x00000000ebf80000,0x00000000ebf80000,0x00000000ec200000)
 ParOldGen       total 68608K, used 29357K [0x00000000c0000000, 0x00000000c4300000, 0x00000000eab00000)
  object space 68608K, 42% used [0x00000000c0000000,0x00000000c1cab690,0x00000000c4300000)
 Metaspace       used 51494K, committed 52288K, reserved 1097728K
  class space    used 5589K, committed 5952K, reserved 1048576K
}
Event: 35.275 GC heap before
{Heap before GC invocations=23 (full 2):
 PSYoungGen      total 23552K, used 23424K [0x00000000eab00000, 0x00000000ec480000, 0x0000000100000000)
  eden space 20992K, 100% used [0x00000000eab00000,0x00000000ebf80000,0x00000000ebf80000)
  from space 2560K, 95% used [0x00000000ec200000,0x00000000ec460010,0x00000000ec480000)
  to   space 2560K, 0% used [0x00000000ebf80000,0x00000000ebf80000,0x00000000ec200000)
 ParOldGen       total 68608K, used 29357K [0x00000000c0000000, 0x00000000c4300000, 0x00000000eab00000)
  object space 68608K, 42% used [0x00000000c0000000,0x00000000c1cab690,0x00000000c4300000)
 Metaspace       used 51525K, committed 52288K, reserved 1097728K
  class space    used 5592K, committed 5952K, reserved 1048576K
}
Event: 35.279 GC heap after
{Heap after GC invocations=23 (full 2):
 PSYoungGen      total 23552K, used 2144K [0x00000000eab00000, 0x00000000ec480000, 0x0000000100000000)
  eden space 20992K, 0% used [0x00000000eab00000,0x00000000eab00000,0x00000000ebf80000)
  from space 2560K, 83% used [0x00000000ebf80000,0x00000000ec198000,0x00000000ec200000)
  to   space 2560K, 0% used [0x00000000ec200000,0x00000000ec200000,0x00000000ec480000)
 ParOldGen       total 68608K, used 31755K [0x00000000c0000000, 0x00000000c4300000, 0x00000000eab00000)
  object space 68608K, 46% used [0x00000000c0000000,0x00000000c1f02f20,0x00000000c4300000)
 Metaspace       used 51525K, committed 52288K, reserved 1097728K
  class space    used 5592K, committed 5952K, reserved 1048576K
}
Event: 39.048 GC heap before
{Heap before GC invocations=24 (full 2):
 PSYoungGen      total 23552K, used 23136K [0x00000000eab00000, 0x00000000ec480000, 0x0000000100000000)
  eden space 20992K, 100% used [0x00000000eab00000,0x00000000ebf80000,0x00000000ebf80000)
  from space 2560K, 83% used [0x00000000ebf80000,0x00000000ec198000,0x00000000ec200000)
  to   space 2560K, 0% used [0x00000000ec200000,0x00000000ec200000,0x00000000ec480000)
 ParOldGen       total 68608K, used 31755K [0x00000000c0000000, 0x00000000c4300000, 0x00000000eab00000)
  object space 68608K, 46% used [0x00000000c0000000,0x00000000c1f02f20,0x00000000c4300000)
 Metaspace       used 52864K, committed 53696K, reserved 1097728K
  class space    used 5785K, committed 6144K, reserved 1048576K
}
Event: 39.052 GC heap after
{Heap after GC invocations=24 (full 2):
 PSYoungGen      total 23040K, used 1680K [0x00000000eab00000, 0x00000000ec400000, 0x0000000100000000)
  eden space 20992K, 0% used [0x00000000eab00000,0x00000000eab00000,0x00000000ebf80000)
  from space 2048K, 82% used [0x00000000ec200000,0x00000000ec3a4010,0x00000000ec400000)
  to   space 2048K, 0% used [0x00000000ec000000,0x00000000ec000000,0x00000000ec200000)
 ParOldGen       total 68608K, used 33843K [0x00000000c0000000, 0x00000000c4300000, 0x00000000eab00000)
  object space 68608K, 49% used [0x00000000c0000000,0x00000000c210cf20,0x00000000c4300000)
 Metaspace       used 52864K, committed 53696K, reserved 1097728K
  class space    used 5785K, committed 6144K, reserved 1048576K
}
Event: 48.994 GC heap before
{Heap before GC invocations=25 (full 2):
 PSYoungGen      total 23040K, used 22672K [0x00000000eab00000, 0x00000000ec400000, 0x0000000100000000)
  eden space 20992K, 100% used [0x00000000eab00000,0x00000000ebf80000,0x00000000ebf80000)
  from space 2048K, 82% used [0x00000000ec200000,0x00000000ec3a4010,0x00000000ec400000)
  to   space 2048K, 0% used [0x00000000ec000000,0x00000000ec000000,0x00000000ec200000)
 ParOldGen       total 68608K, used 33843K [0x00000000c0000000, 0x00000000c4300000, 0x00000000eab00000)
  object space 68608K, 49% used [0x00000000c0000000,0x00000000c210cf20,0x00000000c4300000)
 Metaspace       used 54192K, committed 55040K, reserved 1105920K
  class space    used 6014K, committed 6400K, reserved 1048576K
}
Event: 49.000 GC heap after
{Heap after GC invocations=25 (full 2):
 PSYoungGen      total 23040K, used 2027K [0x00000000eab00000, 0x00000000ed480000, 0x0000000100000000)
  eden space 20992K, 0% used [0x00000000eab00000,0x00000000eab00000,0x00000000ebf80000)
  from space 2048K, 99% used [0x00000000ec000000,0x00000000ec1faef0,0x00000000ec200000)
  to   space 10752K, 0% used [0x00000000eca00000,0x00000000eca00000,0x00000000ed480000)
 ParOldGen       total 68608K, used 41018K [0x00000000c0000000, 0x00000000c4300000, 0x00000000eab00000)
  object space 68608K, 59% used [0x00000000c0000000,0x00000000c280ea58,0x00000000c4300000)
 Metaspace       used 54192K, committed 55040K, reserved 1105920K
  class space    used 6014K, committed 6400K, reserved 1048576K
}
Event: 49.721 GC heap before
{Heap before GC invocations=26 (full 2):
 PSYoungGen      total 23040K, used 23019K [0x00000000eab00000, 0x00000000ed480000, 0x0000000100000000)
  eden space 20992K, 100% used [0x00000000eab00000,0x00000000ebf80000,0x00000000ebf80000)
  from space 2048K, 99% used [0x00000000ec000000,0x00000000ec1faef0,0x00000000ec200000)
  to   space 10752K, 0% used [0x00000000eca00000,0x00000000eca00000,0x00000000ed480000)
 ParOldGen       total 68608K, used 41018K [0x00000000c0000000, 0x00000000c4300000, 0x00000000eab00000)
  object space 68608K, 59% used [0x00000000c0000000,0x00000000c280ea58,0x00000000c4300000)
 Metaspace       used 55547K, committed 56512K, reserved 1105920K
  class space    used 6236K, committed 6656K, reserved 1048576K
}
Event: 49.724 GC heap after
{Heap after GC invocations=26 (full 2):
 PSYoungGen      total 22016K, used 672K [0x00000000eab00000, 0x00000000ecb00000, 0x0000000100000000)
  eden space 20992K, 0% used [0x00000000eab00000,0x00000000eab00000,0x00000000ebf80000)
  from space 1024K, 65% used [0x00000000eca00000,0x00000000ecaa8000,0x00000000ecb00000)
  to   space 4096K, 0% used [0x00000000ec300000,0x00000000ec300000,0x00000000ec700000)
 ParOldGen       total 68608K, used 43033K [0x00000000c0000000, 0x00000000c4300000, 0x00000000eab00000)
  object space 68608K, 62% used [0x00000000c0000000,0x00000000c2a06558,0x00000000c4300000)
 Metaspace       used 55547K, committed 56512K, reserved 1105920K
  class space    used 6236K, committed 6656K, reserved 1048576K
}
Event: 56.784 GC heap before
{Heap before GC invocations=27 (full 2):
 PSYoungGen      total 22016K, used 21664K [0x00000000eab00000, 0x00000000ecb00000, 0x0000000100000000)
  eden space 20992K, 100% used [0x00000000eab00000,0x00000000ebf80000,0x00000000ebf80000)
  from space 1024K, 65% used [0x00000000eca00000,0x00000000ecaa8000,0x00000000ecb00000)
  to   space 4096K, 0% used [0x00000000ec300000,0x00000000ec300000,0x00000000ec700000)
 ParOldGen       total 68608K, used 43033K [0x00000000c0000000, 0x00000000c4300000, 0x00000000eab00000)
  object space 68608K, 62% used [0x00000000c0000000,0x00000000c2a06558,0x00000000c4300000)
 Metaspace       used 55575K, committed 56512K, reserved 1105920K
  class space    used 6236K, committed 6656K, reserved 1048576K
}
Event: 56.787 GC heap after
{Heap after GC invocations=27 (full 2):
 PSYoungGen      total 25088K, used 3692K [0x00000000eab00000, 0x00000000eca80000, 0x0000000100000000)
  eden space 20992K, 0% used [0x00000000eab00000,0x00000000eab00000,0x00000000ebf80000)
  from space 4096K, 90% used [0x00000000ec300000,0x00000000ec69b250,0x00000000ec700000)
  to   space 3584K, 0% used [0x00000000ec700000,0x00000000ec700000,0x00000000eca80000)
 ParOldGen       total 68608K, used 43638K [0x00000000c0000000, 0x00000000c4300000, 0x00000000eab00000)
  object space 68608K, 63% used [0x00000000c0000000,0x00000000c2a9d918,0x00000000c4300000)
 Metaspace       used 55575K, committed 56512K, reserved 1105920K
  class space    used 6236K, committed 6656K, reserved 1048576K
}
Event: 57.582 GC heap before
{Heap before GC invocations=28 (full 2):
 PSYoungGen      total 25088K, used 24684K [0x00000000eab00000, 0x00000000eca80000, 0x0000000100000000)
  eden space 20992K, 99% used [0x00000000eab00000,0x00000000ebf7ffd0,0x00000000ebf80000)
  from space 4096K, 90% used [0x00000000ec300000,0x00000000ec69b250,0x00000000ec700000)
  to   space 3584K, 0% used [0x00000000ec700000,0x00000000ec700000,0x00000000eca80000)
 ParOldGen       total 68608K, used 43638K [0x00000000c0000000, 0x00000000c4300000, 0x00000000eab00000)
  object space 68608K, 63% used [0x00000000c0000000,0x00000000c2a9d918,0x00000000c4300000)
 Metaspace       used 56921K, committed 57792K, reserved 1105920K
  class space    used 6509K, committed 6912K, reserved 1048576K
}
Event: 57.586 GC heap after
{Heap after GC invocations=28 (full 2):
 PSYoungGen      total 22528K, used 1132K [0x00000000eab00000, 0x00000000ec880000, 0x0000000100000000)
  eden space 20992K, 0% used [0x00000000eab00000,0x00000000eab00000,0x00000000ebf80000)
  from space 1536K, 73% used [0x00000000ec700000,0x00000000ec81b1e0,0x00000000ec880000)
  to   space 2560K, 0% used [0x00000000ec380000,0x00000000ec380000,0x00000000ec600000)
 ParOldGen       total 68608K, used 47203K [0x00000000c0000000, 0x00000000c4300000, 0x00000000eab00000)
  object space 68608K, 68% used [0x00000000c0000000,0x00000000c2e18f68,0x00000000c4300000)
 Metaspace       used 56921K, committed 57792K, reserved 1105920K
  class space    used 6509K, committed 6912K, reserved 1048576K
}
Event: 57.989 GC heap before
{Heap before GC invocations=29 (full 2):
 PSYoungGen      total 22528K, used 18278K [0x00000000eab00000, 0x00000000ec880000, 0x0000000100000000)
  eden space 20992K, 81% used [0x00000000eab00000,0x00000000ebbbe950,0x00000000ebf80000)
  from space 1536K, 73% used [0x00000000ec700000,0x00000000ec81b1e0,0x00000000ec880000)
  to   space 2560K, 0% used [0x00000000ec380000,0x00000000ec380000,0x00000000ec600000)
 ParOldGen       total 68608K, used 47203K [0x00000000c0000000, 0x00000000c4300000, 0x00000000eab00000)
  object space 68608K, 68% used [0x00000000c0000000,0x00000000c2e18f68,0x00000000c4300000)
 Metaspace       used 58838K, committed 59776K, reserved 1105920K
  class space    used 6832K, committed 7232K, reserved 1048576K
}
Event: 57.992 GC heap after
{Heap after GC invocations=29 (full 2):
 PSYoungGen      total 23552K, used 527K [0x00000000eab00000, 0x00000000ec780000, 0x0000000100000000)
  eden space 20992K, 0% used [0x00000000eab00000,0x00000000eab00000,0x00000000ebf80000)
  from space 2560K, 20% used [0x00000000ec380000,0x00000000ec403c00,0x00000000ec600000)
  to   space 1024K, 0% used [0x00000000ec680000,0x00000000ec680000,0x00000000ec780000)
 ParOldGen       total 68608K, used 48251K [0x00000000c0000000, 0x00000000c4300000, 0x00000000eab00000)
  object space 68608K, 70% used [0x00000000c0000000,0x00000000c2f1ed88,0x00000000c4300000)
 Metaspace       used 58838K, committed 59776K, reserved 1105920K
  class space    used 6832K, committed 7232K, reserved 1048576K
}
Event: 57.992 GC heap before
{Heap before GC invocations=30 (full 3):
 PSYoungGen      total 23552K, used 527K [0x00000000eab00000, 0x00000000ec780000, 0x0000000100000000)
  eden space 20992K, 0% used [0x00000000eab00000,0x00000000eab00000,0x00000000ebf80000)
  from space 2560K, 20% used [0x00000000ec380000,0x00000000ec403c00,0x00000000ec600000)
  to   space 1024K, 0% used [0x00000000ec680000,0x00000000ec680000,0x00000000ec780000)
 ParOldGen       total 68608K, used 48251K [0x00000000c0000000, 0x00000000c4300000, 0x00000000eab00000)
  object space 68608K, 70% used [0x00000000c0000000,0x00000000c2f1ed88,0x00000000c4300000)
 Metaspace       used 58838K, committed 59776K, reserved 1105920K
  class space    used 6832K, committed 7232K, reserved 1048576K
}
Event: 58.128 GC heap after
{Heap after GC invocations=30 (full 3):
 PSYoungGen      total 23552K, used 0K [0x00000000eab00000, 0x00000000ec780000, 0x0000000100000000)
  eden space 20992K, 0% used [0x00000000eab00000,0x00000000eab00000,0x00000000ebf80000)
  from space 2560K, 0% used [0x00000000ec380000,0x00000000ec380000,0x00000000ec600000)
  to   space 1024K, 0% used [0x00000000ec680000,0x00000000ec680000,0x00000000ec780000)
 ParOldGen       total 68608K, used 47120K [0x00000000c0000000, 0x00000000c4300000, 0x00000000eab00000)
  object space 68608K, 68% used [0x00000000c0000000,0x00000000c2e04060,0x00000000c4300000)
 Metaspace       used 58838K, committed 59776K, reserved 1105920K
  class space    used 6832K, committed 7232K, reserved 1048576K
}
Event: 86.357 GC heap before
{Heap before GC invocations=31 (full 3):
 PSYoungGen      total 23552K, used 20992K [0x00000000eab00000, 0x00000000ec780000, 0x0000000100000000)
  eden space 20992K, 100% used [0x00000000eab00000,0x00000000ebf80000,0x00000000ebf80000)
  from space 2560K, 0% used [0x00000000ec380000,0x00000000ec380000,0x00000000ec600000)
  to   space 1024K, 0% used [0x00000000ec680000,0x00000000ec680000,0x00000000ec780000)
 ParOldGen       total 68608K, used 47120K [0x00000000c0000000, 0x00000000c4300000, 0x00000000eab00000)
  object space 68608K, 68% used [0x00000000c0000000,0x00000000c2e04060,0x00000000c4300000)
 Metaspace       used 61045K, committed 61888K, reserved 1105920K
  class space    used 7106K, committed 7488K, reserved 1048576K
}
Event: 86.359 GC heap after
{Heap after GC invocations=31 (full 3):
 PSYoungGen      total 21504K, used 416K [0x00000000eab00000, 0x00000000ec700000, 0x0000000100000000)
  eden space 20992K, 0% used [0x00000000eab00000,0x00000000eab00000,0x00000000ebf80000)
  from space 512K, 81% used [0x00000000ec680000,0x00000000ec6e8000,0x00000000ec700000)
  to   space 1024K, 0% used [0x00000000ec500000,0x00000000ec500000,0x00000000ec600000)
 ParOldGen       total 68608K, used 47128K [0x00000000c0000000, 0x00000000c4300000, 0x00000000eab00000)
  object space 68608K, 68% used [0x00000000c0000000,0x00000000c2e06060,0x00000000c4300000)
 Metaspace       used 61045K, committed 61888K, reserved 1105920K
  class space    used 7106K, committed 7488K, reserved 1048576K
}

