# JRE version: Java(TM) SE Runtime Environment (11.0+28) (build 11+28)
# Java VM: Java HotSpot(TM) 64-Bit Server VM (11+28, mixed mode, tiered, compressed oops, g1 gc, windows-amd64)
Heap:
 garbage-first heap   total 262144K, used 122093K [0x00000000e0000000, 0x0000000100000000)
  region size 1024K, 99 young (101376K), 13 survivors (13312K)
 Metaspace       used 62786K, capacity 64517K, committed 64680K, reserved 311296K
  class space    used 8163K, capacity 8807K, committed 8920K, reserved 253952K
GC Heap History (10 events):
Event: 9.217 GC heap before
{Heap before GC invocations=3 (full 0):
 garbage-first heap   total 262144K, used 83338K [0x00000000e0000000, 0x0000000100000000)
  region size 1024K, 74 young (75776K), 4 survivors (4096K)
 Metaspace       used 20843K, capacity 21209K, committed 21296K, reserved 274432K
  class space    used 2550K, capacity 2684K, committed 2688K, reserved 253952K
}
Event: 9.231 GC heap after
{Heap after GC invocations=4 (full 0):
 garbage-first heap   total 262144K, used 17309K [0x00000000e0000000, 0x0000000100000000)
  region size 1024K, 10 young (10240K), 10 survivors (10240K)
 Metaspace       used 20843K, capacity 21209K, committed 21296K, reserved 274432K
  class space    used 2550K, capacity 2684K, committed 2688K, reserved 253952K
}
Event: 13.298 GC heap before
{Heap before GC invocations=5 (full 0):
 garbage-first heap   total 262144K, used 98205K [0x00000000e0000000, 0x0000000100000000)
  region size 1024K, 89 young (91136K), 10 survivors (10240K)
 Metaspace       used 28769K, capacity 29472K, committed 29696K, reserved 280576K
  class space    used 3807K, capacity 4065K, committed 4096K, reserved 253952K
}
Event: 13.316 GC heap after
{Heap after GC invocations=6 (full 0):
 garbage-first heap   total 262144K, used 20003K [0x00000000e0000000, 0x0000000100000000)
  region size 1024K, 9 young (9216K), 9 survivors (9216K)
 Metaspace       used 28769K, capacity 29472K, committed 29696K, reserved 280576K
  class space    used 3807K, capacity 4065K, committed 4096K, reserved 253952K
}
Event: 19.174 GC heap before
{Heap before GC invocations=6 (full 0):
 garbage-first heap   total 262144K, used 69155K [0x00000000e0000000, 0x0000000100000000)
  region size 1024K, 58 young (59392K), 9 survivors (9216K)
 Metaspace       used 35067K, capacity 35921K, committed 36048K, reserved 286720K
  class space    used 4699K, capacity 5066K, committed 5120K, reserved 253952K
}
Event: 19.186 GC heap after
{Heap after GC invocations=7 (full 0):
 garbage-first heap   total 262144K, used 22724K [0x00000000e0000000, 0x0000000100000000)
  region size 1024K, 6 young (6144K), 6 survivors (6144K)
 Metaspace       used 35067K, capacity 35921K, committed 36048K, reserved 286720K
  class space    used 4699K, capacity 5066K, committed 5120K, reserved 253952K
}
Event: 21.906 GC heap before
{Heap before GC invocations=8 (full 0):
 garbage-first heap   total 262144K, used 155844K [0x00000000e0000000, 0x0000000100000000)
  region size 1024K, 133 young (136192K), 6 survivors (6144K)
 Metaspace       used 48239K, capacity 49303K, committed 49488K, reserved 296960K
  class space    used 6256K, capacity 6682K, committed 6784K, reserved 253952K
}
Event: 21.924 GC heap after
{Heap after GC invocations=9 (full 0):
 garbage-first heap   total 262144K, used 30781K [0x00000000e0000000, 0x0000000100000000)
  region size 1024K, 14 young (14336K), 14 survivors (14336K)
 Metaspace       used 48239K, capacity 49303K, committed 49488K, reserved 296960K
  class space    used 6256K, capacity 6682K, committed 6784K, reserved 253952K
}
Event: 27.197 GC heap before
{Heap before GC invocations=9 (full 0):
 garbage-first heap   total 262144K, used 115773K [0x00000000e0000000, 0x0000000100000000)
  region size 1024K, 98 young (100352K), 14 survivors (14336K)
 Metaspace       used 58974K, capacity 60439K, committed 60496K, reserved 307200K
  class space    used 7719K, capacity 8301K, committed 8320K, reserved 253952K
}
Event: 27.226 GC heap after
{Heap after GC invocations=10 (full 0):
 garbage-first heap   total 262144K, used 35053K [0x00000000e0000000, 0x0000000100000000)
  region size 1024K, 13 young (13312K), 13 survivors (13312K)
 Metaspace       used 58974K, capacity 60439K, committed 60496K, reserved 307200K
  class space    used 7719K, capacity 8301K, committed 8320K, reserved 253952K
}

